2026-01-03 01:21:56,101 - INFO - Data Processing & Feature Parsing -- commencing ...
2026-01-03 01:22:15,941 - INFO - Data Processing & Feature Parsing -- commencing ...
2026-01-03 01:23:44,994 - INFO - Data Processing & Feature Parsing -- commencing ...
2026-01-03 01:24:43,547 - INFO - Data Processing & Feature Parsing -- commencing ...
2026-01-03 01:24:43,784 - INFO - Data Processing & Feature Parsing -- completed ...
2026-01-03 01:24:43,785 - INFO - Similarity score computation -- commencing ...
2026-01-03 01:24:43,786 - INFO - Similarity score computation -- completed ...
2026-01-03 01:25:31,150 - INFO - Data Processing & Feature Parsing -- commencing ...
2026-01-03 01:25:31,563 - INFO - Data Processing & Feature Parsing -- completed ...
2026-01-03 01:25:31,563 - INFO - Similarity score computation -- commencing ...
2026-01-03 01:25:31,567 - INFO - Similarity score computation -- completed ...
2026-01-03 01:26:22,165 - INFO - Data Processing & Feature Parsing -- commencing ...
2026-01-03 01:26:22,493 - INFO - Data Processing & Feature Parsing -- completed ...
2026-01-03 01:26:22,493 - INFO - Similarity score computation -- commencing ...
2026-01-03 01:26:22,495 - INFO - Similarity score computation -- completed ...
2026-01-03 01:26:52,027 - INFO - Data Processing & Feature Parsing -- commencing ...
2026-01-03 01:26:52,443 - INFO - Data Processing & Feature Parsing -- completed ...
2026-01-03 01:26:52,443 - INFO - Similarity score computation -- commencing ...
2026-01-03 01:26:52,447 - INFO - Similarity score computation -- completed ...
2026-01-03 01:27:05,551 - INFO - Data Processing & Feature Parsing -- commencing ...
2026-01-03 01:27:05,804 - INFO - Data Processing & Feature Parsing -- completed ...
2026-01-03 01:27:05,804 - INFO - Similarity score computation -- commencing ...
2026-01-03 01:27:05,807 - INFO - Similarity score computation -- completed ...
2026-01-03 01:27:37,487 - INFO - Data Processing & Feature Parsing -- commencing ...
2026-01-03 01:27:44,825 - INFO - Data Processing & Feature Parsing -- commencing ...
2026-01-03 01:27:45,190 - INFO - Data Processing & Feature Parsing -- completed ...
2026-01-03 01:27:45,190 - INFO - Similarity score computation -- commencing ...
2026-01-03 01:27:45,193 - INFO - Similarity score computation -- completed ...
2026-01-03 01:27:45,203 - INFO - Top 50 selection -- completed ...
2026-01-03 01:27:45,249 - INFO - Excel output -- completed ...
2026-01-03 01:30:04,589 - INFO - Data Processing & Feature Parsing -- commencing ...
2026-01-03 01:30:04,931 - INFO - Data Processing & Feature Parsing -- completed ...
2026-01-03 01:30:04,931 - INFO - Similarity score computation -- commencing ...
2026-01-03 01:30:04,933 - INFO - Similarity score computation -- completed ...
2026-01-03 01:30:04,938 - INFO - Top 50 selection -- completed ...
2026-01-03 01:30:04,964 - INFO - Excel output -- completed ...
2026-01-03 01:30:24,643 - INFO - Data Processing & Feature Parsing -- commencing ...
2026-01-03 01:30:24,881 - INFO - Data Processing & Feature Parsing -- completed ...
2026-01-03 01:30:24,881 - INFO - Similarity score computation -- commencing ...
2026-01-03 01:30:24,884 - INFO - Similarity score computation -- completed ...
2026-01-03 01:30:24,889 - INFO - Top 50 selection -- completed ...
2026-01-03 01:30:24,916 - INFO - Excel output -- completed ...
2026-01-03 01:36:11,857 - INFO - Data Processing & Feature Parsing -- commencing ...
2026-01-03 01:36:12,672 - INFO - Data Processing & Feature Parsing -- completed ...
2026-01-03 01:36:12,672 - INFO - Similarity score computation -- commencing ...
2026-01-03 01:36:31,076 - INFO - Data Processing & Feature Parsing -- commencing ...
2026-01-03 01:36:31,774 - INFO - Data Processing & Feature Parsing -- completed ...
2026-01-03 01:36:31,774 - INFO - Similarity score computation -- commencing ...
2026-01-03 01:37:13,064 - INFO - Data Processing & Feature Parsing -- commencing ...
2026-01-03 01:37:14,089 - INFO - Data Processing & Feature Parsing -- completed ...
2026-01-03 01:37:14,089 - INFO - Similarity score computation -- commencing ...
2026-01-03 01:37:14,093 - INFO - Similarity score computation -- completed ...
2026-01-03 01:37:14,146 - INFO - Top 50 selection -- completed ...
2026-01-03 01:37:15,154 - INFO - Excel output -- completed ...
2026-01-03 01:37:40,866 - INFO - Data Processing & Feature Parsing -- commencing ...
2026-01-03 01:37:42,087 - INFO - Data Processing & Feature Parsing -- completed ...
2026-01-03 01:37:42,087 - INFO - Similarity score computation -- commencing ...
2026-01-03 01:37:42,092 - INFO - Similarity score computation -- completed ...
2026-01-03 01:37:42,100 - INFO - Top 50 selection -- completed ...
2026-01-03 01:37:42,907 - INFO - Excel output -- completed ...
2026-01-03 01:38:07,344 - INFO - Data Processing & Feature Parsing -- commencing ...
2026-01-03 01:38:08,355 - INFO - Data Processing & Feature Parsing -- completed ...
2026-01-03 01:38:08,355 - INFO - Similarity score computation -- commencing ...
2026-01-03 01:38:08,358 - INFO - Similarity score computation -- completed ...
2026-01-03 01:38:08,365 - INFO - Top 50 selection -- completed ...
2026-01-03 01:38:09,137 - INFO - Excel output -- completed ...
2026-01-03 01:39:22,971 - INFO - Data Processing & Feature Parsing -- commencing ...
2026-01-03 01:39:23,658 - INFO - Data Processing & Feature Parsing -- completed ...
2026-01-03 01:39:23,658 - INFO - Similarity score computation -- commencing ...
2026-01-03 01:39:23,662 - INFO - Similarity score computation -- completed ...
2026-01-03 01:39:23,667 - INFO - Top 50 selection -- completed ...
2026-01-03 01:39:24,235 - INFO - Excel output -- completed ...
2026-01-03 01:40:10,881 - INFO - Data Processing & Feature Parsing -- commencing ...
2026-01-03 01:40:11,597 - INFO - Data Processing & Feature Parsing -- completed ...
2026-01-03 01:40:11,597 - INFO - Similarity score computation -- commencing ...
2026-01-03 01:40:11,602 - INFO - Similarity score computation -- completed ...
2026-01-03 01:40:11,669 - INFO - Top 50 selection -- completed ...
2026-01-03 01:40:12,637 - INFO - Excel output -- completed ...
2026-01-03 01:41:59,294 - INFO - Data Processing & Feature Parsing -- commencing ...
2026-01-03 01:42:00,064 - INFO - Data Processing & Feature Parsing -- completed ...
2026-01-03 01:42:00,064 - INFO - Similarity score computation -- commencing ...
2026-01-03 01:42:00,067 - INFO - Similarity score computation -- completed ...
2026-01-03 01:42:00,113 - INFO - Top 50 selection -- completed ...
2026-01-03 01:42:34,321 - INFO - Data Processing & Feature Parsing -- commencing ...
2026-01-03 01:42:35,224 - INFO - Data Processing & Feature Parsing -- completed ...
2026-01-03 01:42:35,224 - INFO - Similarity score computation -- commencing ...
2026-01-03 01:42:35,231 - INFO - Similarity score computation -- completed ...
2026-01-03 01:42:35,318 - INFO - Top 50 selection -- completed ...
2026-01-03 01:42:52,031 - INFO - Data Processing & Feature Parsing -- commencing ...
2026-01-03 01:42:52,711 - INFO - Data Processing & Feature Parsing -- completed ...
2026-01-03 01:42:52,713 - INFO - Similarity score computation -- commencing ...
2026-01-03 01:42:52,717 - INFO - Similarity score computation -- completed ...
2026-01-03 01:42:52,767 - INFO - Top 50 selection -- completed ...
2026-01-03 01:50:51,484 - INFO - Data Processing & Feature Parsing -- commencing ...
2026-01-03 01:50:51,703 - INFO - Data Processing & Feature Parsing -- completed ...
2026-01-03 01:50:51,704 - INFO - Similarity score computation -- commencing ...
2026-01-03 01:50:51,707 - INFO - Similarity score computation -- completed ...
2026-01-03 01:50:51,715 - INFO - Top 50 selection -- completed ...
2026-01-03 01:50:57,703 - INFO - Data Processing & Feature Parsing -- commencing ...
2026-01-03 01:50:57,932 - INFO - Data Processing & Feature Parsing -- completed ...
2026-01-03 01:50:57,932 - INFO - Similarity score computation -- commencing ...
2026-01-03 01:50:57,935 - INFO - Similarity score computation -- completed ...
2026-01-03 01:50:57,944 - INFO - Top 50 selection -- completed ...
2026-01-03 01:50:57,975 - INFO - Excel output -- completed ...
2026-01-03 01:52:30,310 - INFO - Data Processing & Feature Parsing -- commencing ...
2026-01-03 01:52:30,644 - INFO - Data Processing & Feature Parsing -- completed ...
2026-01-03 01:52:30,645 - INFO - Similarity score computation -- commencing ...
2026-01-03 01:52:30,650 - INFO - Similarity score computation -- completed ...
2026-01-03 01:52:30,667 - INFO - Top 50 selection -- completed ...
2026-01-03 01:52:42,381 - INFO - Data Processing & Feature Parsing -- commencing ...
2026-01-03 01:52:42,604 - INFO - Data Processing & Feature Parsing -- completed ...
2026-01-03 01:52:42,604 - INFO - Similarity score computation -- commencing ...
2026-01-03 01:52:42,607 - INFO - Similarity score computation -- completed ...
2026-01-03 01:52:42,615 - INFO - Top 50 selection -- completed ...
2026-01-03 01:52:42,638 - INFO - Excel output -- completed ...
2026-01-03 01:54:07,341 - INFO - Data Processing & Feature Parsing -- commencing ...
2026-01-03 01:54:07,588 - INFO - Data Processing & Feature Parsing -- completed ...
2026-01-03 01:54:07,588 - INFO - Similarity score computation -- commencing ...
2026-01-03 01:54:07,592 - INFO - Similarity score computation -- completed ...
2026-01-03 01:54:07,604 - INFO - Top 50 selection -- completed ...
2026-01-03 01:54:07,635 - INFO - Excel output -- completed ...
2026-01-03 02:17:42,583 - INFO - Data Processing & Feature Parsing -- commencing ...
2026-01-03 02:17:42,950 - INFO - Data Processing & Feature Parsing -- completed ...
2026-01-03 02:17:42,950 - INFO - Similarity score computation -- commencing ...
2026-01-03 02:17:42,957 - INFO - Similarity score computation -- completed ...
2026-01-03 02:17:42,973 - INFO - Top 50 selection -- completed ...
2026-01-03 02:17:43,016 - INFO - Excel output -- completed ...
